<?xml version="1.0" encoding="UTF-8"?>
<testsuite xmlns:xsi="http://www.w3.org/2001/XMLSchema-instance" xsi:noNamespaceSchemaLocation="https://maven.apache.org/surefire/maven-surefire-plugin/xsd/surefire-test-report-3.0.xsd" version="3.0" name="GameTest" time="0.003" tests="12" errors="0" skipped="0" failures="0">
  <properties>
    <property name="java.specification.version" value="19"/>
    <property name="sun.jnu.encoding" value="UTF-8"/>
    <property name="java.class.path" value="/Users/ben/Documents/dev/Cours-ESGI/Java/java-poker/target/test-classes:/Users/ben/Documents/dev/Cours-ESGI/Java/java-poker/target/classes:/Users/ben/.m2/repository/junit/junit/4.13.2/junit-4.13.2.jar:/Users/ben/.m2/repository/org/hamcrest/hamcrest-core/1.3/hamcrest-core-1.3.jar:"/>
    <property name="java.vm.vendor" value="Oracle Corporation"/>
    <property name="sun.arch.data.model" value="64"/>
    <property name="java.vendor.url" value="https://java.oracle.com/"/>
    <property name="os.name" value="Mac OS X"/>
    <property name="java.vm.specification.version" value="19"/>
    <property name="sun.java.launcher" value="SUN_STANDARD"/>
    <property name="user.country" value="FR"/>
    <property name="sun.boot.library.path" value="/Users/ben/Library/Java/JavaVirtualMachines/openjdk-19.0.2/Contents/Home/lib"/>
    <property name="sun.java.command" value="/Users/ben/Documents/dev/Cours-ESGI/Java/java-poker/target/surefire/surefirebooter-20231219215617752_3.jar /Users/ben/Documents/dev/Cours-ESGI/Java/java-poker/target/surefire 2023-12-19T21-56-17_710-jvmRun1 surefire-20231219215617752_1tmp surefire_0-20231219215617752_2tmp"/>
    <property name="http.nonProxyHosts" value="local|*.local|169.254/16|*.169.254/16"/>
    <property name="jdk.debug" value="release"/>
    <property name="surefire.test.class.path" value="/Users/ben/Documents/dev/Cours-ESGI/Java/java-poker/target/test-classes:/Users/ben/Documents/dev/Cours-ESGI/Java/java-poker/target/classes:/Users/ben/.m2/repository/junit/junit/4.13.2/junit-4.13.2.jar:/Users/ben/.m2/repository/org/hamcrest/hamcrest-core/1.3/hamcrest-core-1.3.jar:"/>
    <property name="sun.cpu.endian" value="little"/>
    <property name="user.home" value="/Users/ben"/>
    <property name="user.language" value="fr"/>
    <property name="java.specification.vendor" value="Oracle Corporation"/>
    <property name="java.version.date" value="2023-01-17"/>
    <property name="java.home" value="/Users/ben/Library/Java/JavaVirtualMachines/openjdk-19.0.2/Contents/Home"/>
    <property name="file.separator" value="/"/>
    <property name="basedir" value="/Users/ben/Documents/dev/Cours-ESGI/Java/java-poker"/>
    <property name="java.vm.compressedOopsMode" value="Zero based"/>
    <property name="line.separator" value="&#10;"/>
    <property name="java.vm.specification.vendor" value="Oracle Corporation"/>
    <property name="java.specification.name" value="Java Platform API Specification"/>
    <property name="apple.awt.application.name" value="ForkedBooter"/>
    <property name="surefire.real.class.path" value="/Users/ben/Documents/dev/Cours-ESGI/Java/java-poker/target/surefire/surefirebooter-20231219215617752_3.jar"/>
    <property name="sun.management.compiler" value="HotSpot 64-Bit Tiered Compilers"/>
    <property name="ftp.nonProxyHosts" value="local|*.local|169.254/16|*.169.254/16"/>
    <property name="java.runtime.version" value="19.0.2+7-44"/>
    <property name="user.name" value="ben"/>
    <property name="stdout.encoding" value="UTF-8"/>
    <property name="path.separator" value=":"/>
    <property name="os.version" value="14.2"/>
    <property name="java.runtime.name" value="OpenJDK Runtime Environment"/>
    <property name="file.encoding" value="UTF-8"/>
    <property name="java.vm.name" value="OpenJDK 64-Bit Server VM"/>
    <property name="localRepository" value="/Users/ben/.m2/repository"/>
    <property name="java.vendor.url.bug" value="https://bugreport.java.com/bugreport/"/>
    <property name="java.io.tmpdir" value="/var/folders/k4/tx8cxfzn17vg1_tsrrw4bmbm0000gn/T/"/>
    <property name="idea.version" value="2023.2.5"/>
    <property name="java.version" value="19.0.2"/>
    <property name="user.dir" value="/Users/ben/Documents/dev/Cours-ESGI/Java/java-poker"/>
    <property name="os.arch" value="aarch64"/>
    <property name="java.vm.specification.name" value="Java Virtual Machine Specification"/>
    <property name="native.encoding" value="UTF-8"/>
    <property name="java.library.path" value="/Users/ben/Library/Java/Extensions:/Library/Java/Extensions:/Network/Library/Java/Extensions:/System/Library/Java/Extensions:/usr/lib/java:."/>
    <property name="java.vm.info" value="mixed mode, sharing"/>
    <property name="stderr.encoding" value="UTF-8"/>
    <property name="java.vendor" value="Oracle Corporation"/>
    <property name="java.vm.version" value="19.0.2+7-44"/>
    <property name="sun.io.unicode.encoding" value="UnicodeBig"/>
    <property name="socksNonProxyHosts" value="local|*.local|169.254/16|*.169.254/16"/>
    <property name="java.class.version" value="63.0"/>
  </properties>
  <testcase name="testStraight" classname="GameTest" time="0.001">
    <system-out><![CDATA[Après ajout de la carte 5: {5=1}
Après ajout de la carte 6: {5=1, 6=1}
Après ajout de la carte 7: {5=1, 6=1, 7=1}
Après ajout de la carte 8: {5=1, 6=1, 7=1, 8=1}
Après ajout de la carte 9: {5=1, 6=1, 7=1, 8=1, 9=1}
Après ajout de la carte 10: {10=1}
Après ajout de la carte 11: {10=1, 11=1}
Après ajout de la carte 12: {10=1, 11=1, 12=1}
Après ajout de la carte 13: {10=1, 11=1, 12=1, 13=1}
Après ajout de la carte 14: {10=1, 11=1, 12=1, 13=1, 14=1}
]]></system-out>
  </testcase>
  <testcase name="testTwoPairs" classname="GameTest" time="0">
    <system-out><![CDATA[Après ajout de la carte 5: {5=1}
Après ajout de la carte 5: {5=2}
Après ajout de la carte 8: {5=2, 8=1}
Après ajout de la carte 8: {5=2, 8=2}
Après ajout de la carte 11: {5=2, 8=2, 11=1}
Après ajout de la carte 4: {4=1}
Après ajout de la carte 4: {4=2}
Après ajout de la carte 7: {4=2, 7=1}
Après ajout de la carte 7: {4=2, 7=2}
Après ajout de la carte 10: {4=2, 7=2, 10=1}
]]></system-out>
  </testcase>
  <testcase name="testKickerWithSameCombination" classname="GameTest" time="0">
    <system-out><![CDATA[Après ajout de la carte 4: {4=1}
Après ajout de la carte 4: {4=2}
Après ajout de la carte 8: {4=2, 8=1}
Après ajout de la carte 8: {4=2, 8=2}
Après ajout de la carte 14: {4=2, 8=2, 14=1}
Après ajout de la carte 4: {4=1}
Après ajout de la carte 4: {4=2}
Après ajout de la carte 8: {4=2, 8=1}
Après ajout de la carte 8: {4=2, 8=2}
Après ajout de la carte 13: {4=2, 8=2, 13=1}
]]></system-out>
  </testcase>
  <testcase name="testFlush" classname="GameTest" time="0">
    <system-out><![CDATA[Après ajout de la carte 2: {2=1}
Après ajout de la carte 4: {2=1, 4=1}
Après ajout de la carte 6: {2=1, 4=1, 6=1}
Après ajout de la carte 8: {2=1, 4=1, 6=1, 8=1}
Après ajout de la carte 9: {2=1, 4=1, 6=1, 8=1, 9=1}
Après ajout de la carte 7: {7=1}
Après ajout de la carte 9: {7=1, 9=1}
Après ajout de la carte 10: {7=1, 9=1, 10=1}
Après ajout de la carte 11: {7=1, 9=1, 10=1, 11=1}
Après ajout de la carte 12: {7=1, 9=1, 10=1, 11=1, 12=1}
]]></system-out>
  </testcase>
  <testcase name="testPair" classname="GameTest" time="0.001">
    <system-out><![CDATA[Après ajout de la carte 4: {4=1}
Après ajout de la carte 4: {4=2}
Après ajout de la carte 6: {4=2, 6=1}
Après ajout de la carte 8: {4=2, 6=1, 8=1}
Après ajout de la carte 10: {4=2, 6=1, 8=1, 10=1}
Après ajout de la carte 2: {2=1}
Après ajout de la carte 2: {2=2}
Après ajout de la carte 5: {2=2, 5=1}
Après ajout de la carte 7: {2=2, 5=1, 7=1}
Après ajout de la carte 9: {2=2, 5=1, 7=1, 9=1}
]]></system-out>
  </testcase>
  <testcase name="testFullHouse" classname="GameTest" time="0">
    <system-out><![CDATA[Après ajout de la carte 3: {3=1}
Après ajout de la carte 3: {3=2}
Après ajout de la carte 3: {3=3}
Après ajout de la carte 2: {2=1, 3=3}
Après ajout de la carte 2: {2=2, 3=3}
Après ajout de la carte 6: {6=1}
Après ajout de la carte 6: {6=2}
Après ajout de la carte 6: {6=3}
Après ajout de la carte 4: {4=1, 6=3}
Après ajout de la carte 4: {4=2, 6=3}
]]></system-out>
  </testcase>
  <testcase name="testHighCard" classname="GameTest" time="0">
    <system-out><![CDATA[Après ajout de la carte 2: {2=1}
Après ajout de la carte 3: {2=1, 3=1}
Après ajout de la carte 5: {2=1, 3=1, 5=1}
Après ajout de la carte 9: {2=1, 3=1, 5=1, 9=1}
Après ajout de la carte 7: {2=1, 3=1, 5=1, 7=1, 9=1}
Après ajout de la carte 2: {2=1}
Après ajout de la carte 3: {2=1, 3=1}
Après ajout de la carte 4: {2=1, 3=1, 4=1}
Après ajout de la carte 8: {2=1, 3=1, 4=1, 8=1}
Après ajout de la carte 6: {2=1, 3=1, 4=1, 6=1, 8=1}
]]></system-out>
  </testcase>
  <testcase name="testStraightFlush" classname="GameTest" time="0">
    <system-out><![CDATA[Après ajout de la carte 5: {5=1}
Après ajout de la carte 6: {5=1, 6=1}
Après ajout de la carte 7: {5=1, 6=1, 7=1}
Après ajout de la carte 8: {5=1, 6=1, 7=1, 8=1}
Après ajout de la carte 9: {5=1, 6=1, 7=1, 8=1, 9=1}
Après ajout de la carte 9: {9=1}
Après ajout de la carte 10: {9=1, 10=1}
Après ajout de la carte 11: {9=1, 10=1, 11=1}
Après ajout de la carte 12: {9=1, 10=1, 11=1, 12=1}
Après ajout de la carte 13: {9=1, 10=1, 11=1, 12=1, 13=1}
]]></system-out>
  </testcase>
  <testcase name="gameWinnerTest" classname="GameTest" time="0"/>
  <testcase name="testFourOf" classname="GameTest" time="0.001">
    <system-out><![CDATA[Après ajout de la carte 4: {4=1}
Après ajout de la carte 4: {4=2}
Après ajout de la carte 4: {4=3}
Après ajout de la carte 4: {4=4}
Après ajout de la carte 9: {4=4, 9=1}
Après ajout de la carte 7: {7=1}
Après ajout de la carte 7: {7=2}
Après ajout de la carte 7: {7=3}
Après ajout de la carte 7: {7=4}
Après ajout de la carte 5: {5=1, 7=4}
]]></system-out>
  </testcase>
  <testcase name="testWinnerWithDifferentCombinations" classname="GameTest" time="0"/>
  <testcase name="testThreeOfAKind" classname="GameTest" time="0">
    <system-out><![CDATA[Après ajout de la carte 6: {6=1}
Après ajout de la carte 6: {6=2}
Après ajout de la carte 6: {6=3}
Après ajout de la carte 2: {2=1, 6=3}
Après ajout de la carte 9: {2=1, 6=3, 9=1}
Après ajout de la carte 4: {4=1}
Après ajout de la carte 4: {4=2}
Après ajout de la carte 4: {4=3}
Après ajout de la carte 3: {3=1, 4=3}
Après ajout de la carte 8: {3=1, 4=3, 8=1}
]]></system-out>
  </testcase>
</testsuite>